<?xml version="1.0" encoding="UTF-8"?>
<!-- Generated by org.testng.reporters.JUnitReportReporter -->
<testsuite skipped="0" hostname="DESKTOP-9POLIKO" name="qaclickacademy.Mavenjava.appiumTest" tests="2" failures="0" timestamp="2020-05-15T23:22:28 IST" time="0.002" errors="0">
  <testcase name="NativeAppAndroid" time="0.001" classname="qaclickacademy.Mavenjava.appiumTest"/>
  <system-out/>
  <testcase name="IOSApps" time="0.001" classname="qaclickacademy.Mavenjava.appiumTest"/>
  <system-out/>
</testsuite> <!-- qaclickacademy.Mavenjava.appiumTest -->
