<?xml version="1.0" encoding="UTF-8"?>
<!-- Generated by org.testng.reporters.JUnitReportReporter -->
<testsuite skipped="0" hostname="DESKTOP-9POLIKO" name="qaclickacademy.Mavenjava.seleniumTest" tests="2" failures="0" timestamp="2020-05-19T13:32:29 IST" time="0.009" errors="0">
  <testcase name="BrowserAutomation" time="0.008" classname="qaclickacademy.Mavenjava.seleniumTest"/>
  <system-out/>
  <testcase name="elementsUi" time="0.001" classname="qaclickacademy.Mavenjava.seleniumTest"/>
  <system-out/>
</testsuite> <!-- qaclickacademy.Mavenjava.seleniumTest -->
