<?xml version="1.0" encoding="UTF-8"?>
<!-- Generated by org.testng.reporters.JUnitReportReporter -->
<testsuite skipped="0" hostname="DESKTOP-9POLIKO" name="qaclickacademy.Mavenjava.appiumTest" tests="2" failures="0" timestamp="2020-05-19T13:33:48 IST" time="0.005" errors="0">
  <testcase name="NativeAppAndroid" time="0.000" classname="qaclickacademy.Mavenjava.appiumTest"/>
  <system-out/>
  <testcase name="IOSApps" time="0.005" classname="qaclickacademy.Mavenjava.appiumTest"/>
  <system-out/>
</testsuite> <!-- qaclickacademy.Mavenjava.appiumTest -->
